<?xml version="1.0" encoding="UTF-8"?>
<!-- Generated by org.testng.reporters.JUnitXMLReporter -->
<testsuite hostname="WLW7-NAGARAJK" ignored="0" name="FREE CRM Testcases" tests="6" failures="0" timestamp="02 Jul 2018 07:07:44 GMT" time="139.823" errors="0">
  <testcase name="loginPageTitleTest" time="0.043" classname="com.crm.qa.testcases.LoginPageTest"/>
  <testcase name="verifyHomePageTitleTest" time="0.009" classname="com.crm.qa.testcases.HomePageTest"/>
  <testcase name="loginPageCRMLogoTest" time="0.088" classname="com.crm.qa.testcases.LoginPageTest"/>
  <testcase name="verifyUsernameTest" time="0.099" classname="com.crm.qa.testcases.HomePageTest"/>
  <testcase name="loginTest" time="15.41" classname="com.crm.qa.testcases.LoginPageTest"/>
  <testcase name="verifyContactsLinkTest" time="0.164" classname="com.crm.qa.testcases.HomePageTest"/>
</testsuite> <!-- FREE CRM Testcases -->
