<?xml version="1.0" encoding="UTF-8"?>
<testng-results skipped="0" failed="0" ignored="0" total="1" passed="1">
  <reporter-output>
  </reporter-output>
  <suite name="Default suite" duration-ms="15626" started-at="2018-07-02T09:49:38Z" finished-at="2018-07-02T09:49:53Z">
    <groups>
    </groups>
    <test name="Default test" duration-ms="15626" started-at="2018-07-02T09:49:38Z" finished-at="2018-07-02T09:49:53Z">
      <class name="com.crm.qa.testcases.LoginPageTest">
        <test-method status="PASS" signature="setUp()[pri:0, instance:com.crm.qa.testcases.LoginPageTest@335eadca]" name="setUp" is-config="true" duration-ms="14128" started-at="2018-07-02T15:19:38Z" finished-at="2018-07-02T15:19:52Z">
          <reporter-output>
          </reporter-output>
        </test-method> <!-- setUp -->
        <test-method status="PASS" signature="loginPageTitleTest()[pri:1, instance:com.crm.qa.testcases.LoginPageTest@335eadca]" name="loginPageTitleTest" duration-ms="31" started-at="2018-07-02T15:19:52Z" finished-at="2018-07-02T15:19:52Z">
          <reporter-output>
          </reporter-output>
        </test-method> <!-- loginPageTitleTest -->
        <test-method status="PASS" signature="tearDown()[pri:0, instance:com.crm.qa.testcases.LoginPageTest@335eadca]" name="tearDown" is-config="true" duration-ms="1446" started-at="2018-07-02T15:19:52Z" finished-at="2018-07-02T15:19:53Z">
          <reporter-output>
          </reporter-output>
        </test-method> <!-- tearDown -->
      </class> <!-- com.crm.qa.testcases.LoginPageTest -->
    </test> <!-- Default test -->
  </suite> <!-- Default suite -->
</testng-results>
